<?xml version="1.0" encoding="UTF-8"?>
<!-- Generated by org.testng.reporters.JUnitReportReporter -->
<testsuite hostname="DESKTOP-PA0DA7A" failures="0" tests="4" name="api.test.UserTests2" time="11.927" errors="0" timestamp="2024-11-27T12:12:50 IST" skipped="0">
  <testcase classname="api.test.UserTests2" name="testPostUser" time="3.090"/>
  <testcase classname="api.test.UserTests2" name="testGetUserByName" time="2.130"/>
  <testcase classname="api.test.UserTests2" name="testUpdateUserByName" time="3.555"/>
  <testcase classname="api.test.UserTests2" name="testDeleteUserByName" time="3.152"/>
</testsuite> <!-- api.test.UserTests2 -->
