<?xml version="1.0" encoding="UTF-8"?>
<!-- Generated by org.testng.reporters.JUnitReportReporter -->
<testsuite hostname="DESKTOP-PA0DA7A" failures="0" tests="4" name="api.test.UserTests" time="13.125" errors="0" timestamp="2024-11-26T17:37:51 IST" skipped="0">
  <testcase classname="api.test.UserTests" name="testPostUser" time="3.490"/>
  <testcase classname="api.test.UserTests" name="testGetUserByName" time="2.272"/>
  <testcase classname="api.test.UserTests" name="testUpdateUserByName" time="3.981"/>
  <testcase classname="api.test.UserTests" name="testDeleteUserByName" time="3.382"/>
</testsuite> <!-- api.test.UserTests -->
