<?xml version="1.0" encoding="UTF-8"?>
<!-- Generated by org.testng.reporters.JUnitReportReporter -->
<testsuite hostname="DESKTOP-PA0DA7A" failures="0" tests="4" name="api.test.UserTests2" time="13.000" errors="0" timestamp="2024-11-27T17:13:09 IST" skipped="0">
  <testcase classname="api.test.UserTests2" name="testPostUser" time="3.677"/>
  <testcase classname="api.test.UserTests2" name="testGetUserByName" time="1.855"/>
  <testcase classname="api.test.UserTests2" name="testUpdateUserByName" time="3.680"/>
  <testcase classname="api.test.UserTests2" name="testDeleteUserByName" time="3.788"/>
</testsuite> <!-- api.test.UserTests2 -->
